__main__ - ERROR - yk
__main__ - ERROR - irom.klwauqg
__main__ - ERROR - {'2', '4'}
__main__ - ERROR - {'6'}
__main__ - ERROR - not enough values to unpack (expected 3, got 2)
__main__ - ERROR - 48
__main__ - ERROR - {'2', '4'}
__main__ - ERROR - {'6'}
__main__ - ERROR - iro.ubc
__main__ - ERROR - {'2', '4'}
__main__ - ERROR - not enough values to unpack (expected 3, got 1)
__main__ - ERROR - {'2', '4'}
__main__ - ERROR - {'2', '4'}
__main__ - ERROR - {'6'}
__main__ - ERROR - {'6'}
__main__ - ERROR - ifmyaztvqgc
__main__ - ERROR - {'1', '!'}
__main__ - ERROR - {'6'}
__main__ - ERROR - {'6'}
__main__ - ERROR - {'1', '!'}
__main__ - ERROR - {'2', '4'}
__main__ - ERROR - {'1', '!'}
__main__ - ERROR - hroikpg
__main__ - ERROR - not enough values to unpack (expected 3, got 1)
__main__ - ERROR - {'2', '4'}
__main__ - ERROR - {'6'}
__main__ - ERROR - irm.lajuqgv
__main__ - ERROR - {'2', '4'}
__main__ - ERROR - {'2', '4'}
__main__ - ERROR - irm.laju
__main__ - ERROR - {'6'}
__main__ - ERROR - irme.lwauqgn
__main__ - ERROR - {'!', '1'}
__main__ - ERROR - ifomagsv
__main__ - ERROR - {'2', '4'}
__main__ - ERROR - not enough values to unpack (expected 3, got 1)
__main__ - ERROR - not enough values to unpack (expected 3, got 2)
__main__ - ERROR - {'!', '1'}
__main__ - ERROR - ry.zudts
__main__ - ERROR - hnwutv
__main__ - ERROR - not enough values to unpack (expected 3, got 1)
__main__ - ERROR - {'6'}
__main__ - ERROR - {'6'}
__main__ - ERROR - not enough values to unpack (expected 3, got 2)
__main__ - ERROR - {'6'}
__main__ - ERROR - {'6'}
__main__ - ERROR - ifomyavgc
__main__ - ERROR - not enough values to unpack (expected 3, got 1)
__main__ - ERROR - {'2', '4'}
__main__ - ERROR - fkc
__main__ - ERROR - {'6'}
__main__ - ERROR - 21
__main__ - ERROR - not enough values to unpack (expected 3, got 1)
__main__ - ERROR - {'2', '4'}
__main__ - ERROR - not enough values to unpack (expected 3, got 1)
__main__ - ERROR - not enough values to unpack (expected 3, got 1)
__main__ - ERROR - not enough values to unpack (expected 3, got 2)
__main__ - ERROR - {'1', '!'}
__main__ - ERROR - ifmwazbvgn
__main__ - ERROR - {'2', '4'}
__main__ - ERROR - {'1', '!'}
__main__ - ERROR - not enough values to unpack (expected 3, got 1)
__main__ - ERROR - hrfimedlabxpgv
__main__ - ERROR - irm.laupg
__main__ - ERROR - {'1', '!'}
__main__ - ERROR - not enough values to unpack (expected 3, got 2)
__main__ - ERROR - not enough values to unpack (expected 3, got 1)
__main__ - ERROR - not enough values to unpack (expected 3, got 2)
__main__ - ERROR - not enough values to unpack (expected 3, got 2)
__main__ - ERROR - 8
__main__ - ERROR - ifmajztgv
__main__ - ERROR - {'2', '4'}
__main__ - ERROR - not enough values to unpack (expected 3, got 2)
__main__ - ERROR - not enough values to unpack (expected 3, got 1)
__main__ - ERROR - 58
__main__ - ERROR - not enough values to unpack (expected 3, got 1)
__main__ - ERROR - tqv
__main__ - ERROR - {'1', '!'}
__main__ - ERROR - {'1', '!'}
__main__ - ERROR - ifmetlacbxvgn
__main__ - ERROR - {'!', '1'}
__main__ - ERROR - heaztc
__main__ - ERROR - hfimeklwjadgsv
__main__ - ERROR - not enough values to unpack (expected 3, got 1)
__main__ - ERROR - not enough values to unpack (expected 3, got 1)
__main__ - ERROR - {'1', '!'}
__main__ - ERROR - {'1', '!'}
__main__ - ERROR - re.kutc
__main__ - ERROR - {'2', '4'}
__main__ - ERROR - ifmwauvgn
__main__ - ERROR - hfoimr.klajuq
__main__ - ERROR - not enough values to unpack (expected 3, got 1)
__main__ - ERROR - 78
__main__ - ERROR - {'2', '4'}
__main__ - ERROR - 913
__main__ - ERROR - pfq
__main__ - ERROR - not enough values to unpack (expected 3, got 1)
__main__ - ERROR - {'1', '!'}
__main__ - ERROR - not enough values to unpack (expected 3, got 2)
__main__ - ERROR - {'6'}
__main__ - ERROR - ywps
__main__ - ERROR - camb
__main__ - ERROR - not enough values to unpack (expected 3, got 1)
__main__ - ERROR - 95
__main__ - ERROR - not enough values to unpack (expected 3, got 1)
__main__ - ERROR - 21
__main__ - ERROR - fre.uv
__main__ - ERROR - hrme.azux
__main__ - ERROR - r.luv
__main__ - ERROR - {'1', '!'}
__main__ - ERROR - {'1', '!'}
__main__ - ERROR - not enough values to unpack (expected 3, got 1)
__main__ - ERROR - ifr.lup
__main__ - ERROR - {'1', '!'}
__main__ - ERROR - 108
__main__ - ERROR - not enough values to unpack (expected 3, got 1)
__main__ - ERROR - not enough values to unpack (expected 3, got 2)
__main__ - ERROR - rm.utc
__main__ - ERROR - {'2', '4'}
__main__ - ERROR - {'6'}
__main__ - ERROR - not enough values to unpack (expected 3, got 1)
__main__ - ERROR - {'1', '!'}
__main__ - ERROR - {'1', '!'}
__main__ - ERROR - 28
__main__ - ERROR - 14
__main__ - ERROR - {'2', '4'}
__main__ - ERROR - irekj
__main__ - ERROR - {'6'}
__main__ - ERROR - {'1', '!'}
__main__ - ERROR - {'6'}
__main__ - ERROR - irq.jubvpgc
__main__ - ERROR - not enough values to unpack (expected 3, got 2)
__main__ - ERROR - not enough values to unpack (expected 3, got 1)
__main__ - ERROR - ifqrm.auxp
__main__ - ERROR - tqz
__main__ - ERROR - {'1', '!'}
__main__ - ERROR - not enough values to unpack (expected 3, got 1)
__main__ - ERROR - not enough values to unpack (expected 3, got 2)
__main__ - ERROR - {'2', '4'}
__main__ - ERROR - {'!', '1'}
__main__ - ERROR - {'2', '4'}
__main__ - ERROR - not enough values to unpack (expected 3, got 1)
__main__ - ERROR - {'2', '4'}
__main__ - ERROR - ifmeacxvqgn
__main__ - ERROR - not enough values to unpack (expected 3, got 2)
__main__ - ERROR - ekzbtn
__main__ - ERROR - yklazxts
__main__ - ERROR - yeladpc
__main__ - ERROR - 214
__main__ - ERROR - ifrme.lajudpn
__main__ - ERROR - {'6'}
__main__ - ERROR - iru
__main__ - ERROR - hfmajt
__main__ - ERROR - {'1', '!'}
__main__ - ERROR - not enough values to unpack (expected 3, got 1)
__main__ - ERROR - r.azu
__main__ - ERROR - 814
__main__ - ERROR - {'2', '4'}
__main__ - ERROR - not enough values to unpack (expected 3, got 1)
__main__ - ERROR - 36
__main__ - ERROR - irmy.lwjzaduts
__main__ - ERROR - {'2', '4'}
__main__ - ERROR - {'6'}
__main__ - ERROR - foyuxpqs
__main__ - ERROR - irof.ljun
__main__ - ERROR - {'6'}
__main__ - ERROR - {'2', '4'}
__main__ - ERROR - not enough values to unpack (expected 3, got 1)
__main__ - ERROR - {'2', '4'}
__main__ - ERROR - {'6'}
__main__ - ERROR - {'1', '!'}
__main__ - ERROR - not enough values to unpack (expected 3, got 2)
__main__ - ERROR - not enough values to unpack (expected 3, got 2)
__main__ - ERROR - {'1', '!'}
__main__ - ERROR - ifor.ud
__main__ - ERROR - hfoimaugsv
__main__ - ERROR - 6
__main__ - ERROR - {'2', '4'}
__main__ - ERROR - {'2', '4'}
__main__ - ERROR - not enough values to unpack (expected 3, got 1)
__main__ - ERROR - {'2', '4'}
__main__ - ERROR - not enough values to unpack (expected 3, got 1)
__main__ - ERROR - {'1', '!'}
__main__ - ERROR - not enough values to unpack (expected 3, got 2)
__main__ - ERROR - roe.lusv
__main__ - ERROR - not enough values to unpack (expected 3, got 1)
__main__ - ERROR - not enough values to unpack (expected 3, got 1)
__main__ - ERROR - {'2', '4'}
__main__ - ERROR - not enough values to unpack (expected 3, got 2)
__main__ - ERROR - 68
__main__ - ERROR - {'2', '4'}
__main__ - ERROR - {'6'}
__main__ - ERROR - ifrme.klwazcbupn
__main__ - ERROR - ihofmeagtvsn
__main__ - ERROR - hfo
__main__ - ERROR - ifrmavgn
__main__ - ERROR - not enough values to unpack (expected 3, got 2)
__main__ - ERROR - not enough values to unpack (expected 3, got 1)
__main__ - ERROR - {'6'}
__main__ - ERROR - rfo.uv
__main__ - ERROR - not enough values to unpack (expected 3, got 1)
__main__ - ERROR - {'!', '1'}
__main__ - ERROR - eydwbc
__main__ - ERROR - not enough values to unpack (expected 3, got 1)
__main__ - ERROR - 4
__main__ - ERROR - {'2', '4'}
__main__ - ERROR - ir
__main__ - ERROR - {'1', '!'}
__main__ - ERROR - not enough values to unpack (expected 3, got 1)
__main__ - ERROR - iro.uv
__main__ - ERROR - {'1', '!'}
__main__ - ERROR - {'6'}
__main__ - ERROR - {'2', '4'}
__main__ - ERROR - 013
__main__ - ERROR - {'6'}
__main__ - ERROR - {'6'}
__main__ - ERROR - not enough values to unpack (expected 3, got 1)
__main__ - ERROR - {'1', '!'}
__main__ - ERROR - iwmc
__main__ - ERROR - r.ludtgc
__main__ - ERROR - not enough values to unpack (expected 3, got 2)
__main__ - ERROR - not enough values to unpack (expected 3, got 2)
__main__ - ERROR - jrok
__main__ - ERROR - not enough values to unpack (expected 3, got 1)
__main__ - ERROR - roeyag
__main__ - ERROR - {'2', '4'}
__main__ - ERROR - not enough values to unpack (expected 3, got 1)
__main__ - ERROR - {'6'}
__main__ - ERROR - ifrmaupgv
__main__ - ERROR - irqme.lajudps
__main__ - ERROR - {'2', '4'}
__main__ - ERROR - not enough values to unpack (expected 3, got 2)
__main__ - ERROR - not enough values to unpack (expected 3, got 1)
__main__ - ERROR - not enough values to unpack (expected 3, got 1)
__main__ - ERROR - irome.lajzwbutc
__main__ - ERROR - {'1', '!'}
__main__ - ERROR - not enough values to unpack (expected 3, got 1)
__main__ - ERROR - hr.ubg
__main__ - ERROR - 8
__main__ - ERROR - {'6'}
__main__ - ERROR - {'2', '4'}
__main__ - ERROR - ifrmsagv
__main__ - ERROR - not enough values to unpack (expected 3, got 1)
__main__ - ERROR - {'2', '4'}
__main__ - ERROR - not enough values to unpack (expected 3, got 1)
__main__ - ERROR - not enough values to unpack (expected 3, got 1)
__main__ - ERROR - not enough values to unpack (expected 3, got 1)
__main__ - ERROR - not enough values to unpack (expected 3, got 1)
__main__ - ERROR - rm.azuc
__main__ - ERROR - {'6'}
__main__ - ERROR - irom.klaupqs
__main__ - ERROR - ro.uqg
__main__ - ERROR - not enough values to unpack (expected 3, got 2)
__main__ - ERROR - not enough values to unpack (expected 3, got 1)
__main__ - ERROR - r.uzbxg
__main__ - ERROR - {'2', '4'}
__main__ - ERROR - not enough values to unpack (expected 3, got 1)
__main__ - ERROR - {'2', '4'}
__main__ - ERROR - not enough values to unpack (expected 3, got 1)
__main__ - ERROR - not enough values to unpack (expected 3, got 1)
__main__ - ERROR - {'6'}
__main__ - ERROR - ifrmy.laju
__main__ - ERROR - hirm.laut
__main__ - ERROR - irm.laud
__main__ - ERROR - {'6'}
__main__ - ERROR - not enough values to unpack (expected 3, got 2)
__main__ - ERROR - not enough values to unpack (expected 3, got 1)
__main__ - ERROR - not enough values to unpack (expected 3, got 1)
__main__ - ERROR - hifmekawdvgc
__main__ - ERROR - fre.wjupsv
__main__ - ERROR - {'6'}
__main__ - ERROR - not enough values to unpack (expected 3, got 1)
__main__ - ERROR - r.luc
__main__ - ERROR - {'1', '!'}
__main__ - ERROR - ihfmavgc
__main__ - ERROR - {'1', '!'}
__main__ - ERROR - {'1', '!'}
__main__ - ERROR - not enough values to unpack (expected 3, got 1)
__main__ - ERROR - not enough values to unpack (expected 3, got 1)
__main__ - ERROR - not enough values to unpack (expected 3, got 2)
__main__ - ERROR - {'6'}
__main__ - ERROR - 21
__main__ - ERROR - 5
__main__ - ERROR - hiormt.lauxpqgv
__main__ - ERROR - {'1', '!'}
__main__ - ERROR - irme.lajutvqgn
__main__ - ERROR - not enough values to unpack (expected 3, got 2)
__main__ - ERROR - {'6'}
__main__ - ERROR - ro.dub
__main__ - ERROR - {'2', '4'}
__main__ - ERROR - {'6'}
__main__ - ERROR - ifrhmwazdgv
__main__ - ERROR - {'6'}
__main__ - ERROR - not enough values to unpack (expected 3, got 2)
__main__ - ERROR - {'6'}
__main__ - ERROR - irom.klwausc
__main__ - ERROR - irfmtabxvgn
__main__ - ERROR - 7
__main__ - ERROR - hfivmajdgxbsc
__main__ - ERROR - {'6'}
__main__ - ERROR - frlbgsc
__main__ - ERROR - {'2', '4'}
__main__ - ERROR - r.auvn
__main__ - ERROR - {'2', '4'}
__main__ - ERROR - {'6'}
__main__ - ERROR - itkubxp
__main__ - ERROR - {'6'}
__main__ - ERROR - irfm.lwazub
__main__ - ERROR - irofmylajxgv
__main__ - ERROR - {'2', '4'}
__main__ - ERROR - {'1', '!'}
__main__ - ERROR - not enough values to unpack (expected 3, got 1)
__main__ - ERROR - not enough values to unpack (expected 3, got 2)
__main__ - ERROR - {'2', '4'}
__main__ - ERROR - irmt.laubxp
__main__ - ERROR - hfoimapgv
__main__ - ERROR - not enough values to unpack (expected 3, got 1)
__main__ - ERROR - {'2', '4'}
__main__ - ERROR - {'1', '!'}
__main__ - ERROR - ifmewjaqgv
__main__ - ERROR - iroe.kuxsc
__main__ - ERROR - for.ugn
__main__ - ERROR - not enough values to unpack (expected 3, got 2)
__main__ - ERROR - {'2', '4'}
__main__ - ERROR - {'6'}
__main__ - ERROR - iformy.laupv
__main__ - ERROR - {'2', '4'}
__main__ - ERROR - ifomyazutvgn
__main__ - ERROR - ifmkajzcxvpgn
__main__ - ERROR - not enough values to unpack (expected 3, got 2)
__main__ - ERROR - not enough values to unpack (expected 3, got 1)
__main__ - ERROR - hfimkazgsv
__main__ - ERROR - 13
__main__ - ERROR - {'1', '!'}
__main__ - ERROR - hrfqmiekazpgv
__main__ - ERROR - not enough values to unpack (expected 3, got 1)
__main__ - ERROR - hr.lzuds
__main__ - ERROR - {'1', '!'}
__main__ - ERROR - not enough values to unpack (expected 3, got 1)
__main__ - ERROR - exvpgc
__main__ - ERROR - not enough values to unpack (expected 3, got 1)
__main__ - ERROR - irm.lwjaub
__main__ - ERROR - not enough values to unpack (expected 3, got 2)
__main__ - ERROR - {'6'}
__main__ - ERROR - {'6'}
__main__ - ERROR - {'6'}
__main__ - ERROR - {'6'}
__main__ - ERROR - fr.suxg
__main__ - ERROR - {'6'}
__main__ - ERROR - 25
__main__ - ERROR - 136
__main__ - ERROR - 13
__main__ - ERROR - otlxq
__main__ - ERROR - {'2', '4'}
__main__ - ERROR - not enough values to unpack (expected 3, got 1)
__main__ - ERROR - {'1', '!'}
__main__ - ERROR - not enough values to unpack (expected 3, got 1)
__main__ - ERROR - ifmsagv
__main__ - ERROR - fqr.kaupsn
__main__ - ERROR - {'6'}
__main__ - ERROR - {'1', '!'}
__main__ - ERROR - iromyd.lajubs
__main__ - ERROR - not enough values to unpack (expected 3, got 2)
__main__ - ERROR - irm.lwaubv
__main__ - ERROR - not enough values to unpack (expected 3, got 1)
__main__ - ERROR - not enough values to unpack (expected 3, got 1)
__main__ - ERROR - {'2', '4'}
__main__ - ERROR - hr.kajubtpgc
__main__ - ERROR - ryt.wuxvn
__main__ - ERROR - not enough values to unpack (expected 3, got 1)
__main__ - ERROR - frt.ucxpn
__main__ - ERROR - yljds
__main__ - ERROR - not enough values to unpack (expected 3, got 2)
__main__ - ERROR - {'2', '4'}
__main__ - ERROR - not enough values to unpack (expected 3, got 1)
__main__ - ERROR - 10
__main__ - ERROR - {'1', '!'}
__main__ - ERROR - not enough values to unpack (expected 3, got 1)
__main__ - ERROR - 710
__main__ - ERROR - ry.jzutpg
__main__ - ERROR - {'2', '4'}
__main__ - ERROR - not enough values to unpack (expected 3, got 2)
__main__ - ERROR - hirmy.klajudpqs
__main__ - ERROR - ifmwatpgv
__main__ - ERROR - {'2', '4'}
__main__ - ERROR - {'6'}
__main__ - ERROR - not enough values to unpack (expected 3, got 1)
__main__ - ERROR - not enough values to unpack (expected 3, got 2)
__main__ - ERROR - {'6'}
__main__ - ERROR - {'6'}
__main__ - ERROR - irom.lau
__main__ - ERROR - {'2', '4'}
__main__ - ERROR - {'6'}
__main__ - ERROR - not enough values to unpack (expected 3, got 1)
__main__ - ERROR - 28
__main__ - ERROR - not enough values to unpack (expected 3, got 1)
__main__ - ERROR - ifrom.lwjzauq
__main__ - ERROR - irom.lwaugv
__main__ - ERROR - not enough values to unpack (expected 3, got 2)
__main__ - ERROR - not enough values to unpack (expected 3, got 1)
__main__ - ERROR - 2
__main__ - ERROR - 714
__main__ - ERROR - not enough values to unpack (expected 3, got 2)
__main__ - ERROR - {'6'}
__main__ - ERROR - {'2', '4'}
__main__ - ERROR - {'2', '4'}
__main__ - ERROR - hiormey.laubs
__main__ - ERROR - ifmkaqgv
__main__ - ERROR - not enough values to unpack (expected 3, got 2)
__main__ - ERROR - not enough values to unpack (expected 3, got 1)
__main__ - ERROR - not enough values to unpack (expected 3, got 1)
__main__ - ERROR - {'6'}
__main__ - ERROR - 58
__main__ - ERROR - not enough values to unpack (expected 3, got 1)
__main__ - ERROR - {'1', '!'}
__main__ - ERROR - not enough values to unpack (expected 3, got 1)
__main__ - ERROR - {'2', '4'}
__main__ - ERROR - not enough values to unpack (expected 3, got 1)
__main__ - ERROR - not enough values to unpack (expected 3, got 1)
__main__ - ERROR - not enough values to unpack (expected 3, got 1)
__main__ - ERROR - {'2', '4'}
__main__ - ERROR - iform.laudbqg
__main__ - ERROR - ifrm.kwuzxs
__main__ - ERROR - {'1', '!'}
__main__ - ERROR - not enough values to unpack (expected 3, got 1)
__main__ - ERROR - not enough values to unpack (expected 3, got 2)
__main__ - ERROR - hirmey.lwauxpsn
__main__ - ERROR - r.klut
__main__ - ERROR - r.aubq
__main__ - ERROR - not enough values to unpack (expected 3, got 1)
__main__ - ERROR - hfimabvgn
__main__ - ERROR - ifomekadxpgv
__main__ - ERROR - hrqx.kubtps
__main__ - ERROR - 23
__main__ - ERROR - not enough values to unpack (expected 3, got 1)
__main__ - ERROR - {'1', '!'}
__main__ - ERROR - hfirmy.lwauc
__main__ - ERROR - {'2', '4'}
__main__ - ERROR - hfimenajgsv
__main__ - ERROR - {'1', '!'}
__main__ - ERROR - igs
__main__ - ERROR - roe.lzubt
__main__ - ERROR - irm.lautn
__main__ - ERROR - not enough values to unpack (expected 3, got 1)
__main__ - ERROR - {'2', '4'}
__main__ - ERROR - {'1', '!'}
__main__ - ERROR - {'2', '4'}
__main__ - ERROR - irfmeknwazxvgc
__main__ - ERROR - ifmajzvgn
__main__ - ERROR - {'2', '4'}
__main__ - ERROR - not enough values to unpack (expected 3, got 1)
__main__ - ERROR - iforme.lajudt
__main__ - ERROR - irmy.lwaupsv
__main__ - ERROR - hifrmy.lauqg
__main__ - ERROR - {'2', '4'}
__main__ - ERROR - {'!', '1'}
__main__ - ERROR - {'1', '!'}
__main__ - ERROR - ifrm.klajzu
__main__ - ERROR - rnwaxqsv
__main__ - ERROR - not enough values to unpack (expected 3, got 1)
__main__ - ERROR - oejbg
__main__ - ERROR - not enough values to unpack (expected 3, got 2)
__main__ - ERROR - 8
__main__ - ERROR - hirme.lwjuabgc
__main__ - ERROR - ro.kuqc
__main__ - ERROR - not enough values to unpack (expected 3, got 1)
__main__ - ERROR - not enough values to unpack (expected 3, got 1)
__main__ - ERROR - frm.lwzuxn
__main__ - ERROR - irm.lajudxc
__main__ - ERROR - not enough values to unpack (expected 3, got 1)
__main__ - ERROR - {'1', '!'}
__main__ - ERROR - 91
__main__ - ERROR - {'6'}
__main__ - ERROR - 5
__main__ - ERROR - ifmkajxvgc
__main__ - ERROR - irm.lautgc
__main__ - ERROR - {'6'}
__main__ - ERROR - {'2', '4'}
__main__ - ERROR - {'1', '!'}
__main__ - ERROR - not enough values to unpack (expected 3, got 2)
__main__ - ERROR - ifmyklabtvgn
__main__ - ERROR - 8
__main__ - ERROR - {'6'}
__main__ - ERROR - not enough values to unpack (expected 3, got 2)
__main__ - ERROR - {'1', '!'}
__main__ - ERROR - lxt
__main__ - ERROR - not enough values to unpack (expected 3, got 2)
__main__ - ERROR - {'2', '4'}
__main__ - ERROR - ir.utp
__main__ - ERROR - not enough values to unpack (expected 3, got 1)
__main__ - ERROR - not enough values to unpack (expected 3, got 1)
__main__ - ERROR - r.luts
__main__ - ERROR - hfimklabgv
__main__ - ERROR - ryx.lwudtsn
__main__ - ERROR - irm.lajudxb
__main__ - ERROR - fjc
__main__ - ERROR - not enough values to unpack (expected 3, got 2)
__main__ - ERROR - hiorm.aucdtn
__main__ - ERROR - {'6'}
__main__ - ERROR - {'6'}
__main__ - ERROR - not enough values to unpack (expected 3, got 1)
__main__ - ERROR - not enough values to unpack (expected 3, got 1)
__main__ - ERROR - {'6'}
__main__ - ERROR - irmy.lnwaubtgc
__main__ - ERROR - 26
__main__ - ERROR - hfirme.lwauxtsv
__main__ - ERROR - hfoimklabpgv
__main__ - ERROR - fory.udts
__main__ - ERROR - not enough values to unpack (expected 3, got 1)
__main__ - ERROR - hr.ljzudtn
__main__ - ERROR - {'6'}
__main__ - ERROR - not enough values to unpack (expected 3, got 2)
__main__ - ERROR - 93
__main__ - ERROR - not enough values to unpack (expected 3, got 2)
__main__ - ERROR - irme.laubq
__main__ - ERROR - fonajubv
__main__ - ERROR - {'1', '!'}
__main__ - ERROR - hre.ajudn
__main__ - ERROR - irgsc
__main__ - ERROR - irm.lauzg
__main__ - ERROR - 2
__main__ - ERROR - not enough values to unpack (expected 3, got 1)
__main__ - ERROR - {'2', '4'}
__main__ - ERROR - 5
__main__ - ERROR - not enough values to unpack (expected 3, got 1)
__main__ - ERROR - irmye.lauztp
__main__ - ERROR - not enough values to unpack (expected 3, got 2)
__main__ - ERROR - not enough values to unpack (expected 3, got 1)
__main__ - ERROR - {'6'}
__main__ - ERROR - {'6'}
__main__ - ERROR - {'!', '1'}
__main__ - ERROR - ws
__main__ - ERROR - {'1', '!'}
__main__ - ERROR - {'1', '!'}
__main__ - ERROR - not enough values to unpack (expected 3, got 2)
__main__ - ERROR - {'6'}
__main__ - ERROR - {'1', '!'}
__main__ - ERROR - {'6'}
__main__ - ERROR - not enough values to unpack (expected 3, got 1)
__main__ - ERROR - 6
__main__ - ERROR - r.ugv
__main__ - ERROR - hfimlagv
__main__ - ERROR - mqkn
__main__ - ERROR - not enough values to unpack (expected 3, got 1)
__main__ - ERROR - irme.laux
__main__ - ERROR - {'6'}
__main__ - ERROR - not enough values to unpack (expected 3, got 2)
__main__ - ERROR - {'1', '!'}
__main__ - ERROR - {'2', '4'}
__main__ - ERROR - {'2', '4'}
__main__ - ERROR - irm.lwjzaux
__main__ - ERROR - {'1', '!'}
__main__ - ERROR - {'6'}
__main__ - ERROR - {'1', '!'}
__main__ - ERROR - {'6'}
__main__ - ERROR - {'1', '!'}
__main__ - ERROR - {'2', '4'}
__main__ - ERROR - hrieyadtp
__main__ - ERROR - {'1', '!'}
__main__ - ERROR - not enough values to unpack (expected 3, got 1)
__main__ - ERROR - iuc
__main__ - ERROR - not enough values to unpack (expected 3, got 1)
__main__ - ERROR - not enough values to unpack (expected 3, got 1)
__main__ - ERROR - not enough values to unpack (expected 3, got 1)
__main__ - ERROR - {'6'}
__main__ - ERROR - {'2', '4'}
__main__ - ERROR - {'1', '!'}
__main__ - ERROR - ro.kup
__main__ - ERROR - {'1', '!'}
__main__ - ERROR - hiormy.klaju
__main__ - ERROR - {'6'}
__main__ - ERROR - 8
__main__ - ERROR - not enough values to unpack (expected 3, got 1)
__main__ - ERROR - not enough values to unpack (expected 3, got 1)
__main__ - ERROR - {'1', '!'}
__main__ - ERROR - {'6'}
__main__ - ERROR - not enough values to unpack (expected 3, got 1)
__main__ - ERROR - {'2', '4'}
__main__ - ERROR - not enough values to unpack (expected 3, got 1)
__main__ - ERROR - frmylj
__main__ - ERROR - not enough values to unpack (expected 3, got 2)
__main__ - ERROR - irfm.lajzutqn
__main__ - ERROR - ikajbgc
__main__ - ERROR - 136
__main__ - ERROR - ifomelajuxgv
__main__ - ERROR - {'1', '!'}
__main__ - ERROR - {'1', '!'}
__main__ - ERROR - not enough values to unpack (expected 3, got 1)
__main__ - ERROR - {'2', '4'}
__main__ - ERROR - {'2', '4'}
__main__ - ERROR - ifomaxgv
__main__ - ERROR - {'1', '!'}
__main__ - ERROR - not enough values to unpack (expected 3, got 1)
__main__ - ERROR - not enough values to unpack (expected 3, got 1)
__main__ - ERROR - {'2', '4'}
__main__ - ERROR - ifqmylwabtpgv
__main__ - ERROR - irm.laupn
__main__ - ERROR - not enough values to unpack (expected 3, got 2)
__main__ - ERROR - ym
__main__ - ERROR - ifomlju
__main__ - ERROR - {'2', '4'}
__main__ - ERROR - not enough values to unpack (expected 3, got 1)
__main__ - ERROR - {'1', '!'}
__main__ - ERROR - ry.nuc
__main__ - ERROR - not enough values to unpack (expected 3, got 2)
__main__ - ERROR - cv
__main__ - ERROR - roy.jubxs
__main__ - ERROR - ih
__main__ - ERROR - not enough values to unpack (expected 3, got 1)
__main__ - ERROR - {'1', '!'}
__main__ - ERROR - not enough values to unpack (expected 3, got 1)
__main__ - ERROR - {'1', '!'}
__main__ - ERROR - {'1', '!'}
__main__ - ERROR - {'1', '!'}
__main__ - ERROR - ifmkazgv
__main__ - ERROR - not enough values to unpack (expected 3, got 1)
__main__ - ERROR - not enough values to unpack (expected 3, got 2)
__main__ - ERROR - not enough values to unpack (expected 3, got 1)
__main__ - ERROR - irm.lajub
__main__ - ERROR - {'6'}
__main__ - ERROR - irm.laup
__main__ - ERROR - not enough values to unpack (expected 3, got 2)
__main__ - ERROR - not enough values to unpack (expected 3, got 1)
__main__ - ERROR - ihfmeajugtqsv
__main__ - ERROR - {'1', '!'}
__main__ - ERROR - 8
__main__ - ERROR - not enough values to unpack (expected 3, got 1)
__main__ - ERROR - {'2', '4'}
__main__ - ERROR - irm.lazug
__main__ - ERROR - not enough values to unpack (expected 3, got 1)
__main__ - ERROR - hr.wu
__main__ - ERROR - not enough values to unpack (expected 3, got 2)
__main__ - ERROR - iryd.zub
__main__ - ERROR - {'1', '!'}
__main__ - ERROR - not enough values to unpack (expected 3, got 1)
__main__ - ERROR - hrmy.lzub
__main__ - ERROR - {'1', '!'}
__main__ - ERROR - {'6'}
__main__ - ERROR - not enough values to unpack (expected 3, got 1)
__main__ - ERROR - not enough values to unpack (expected 3, got 2)
__main__ - ERROR - not enough values to unpack (expected 3, got 1)
__main__ - ERROR - not enough values to unpack (expected 3, got 1)
__main__ - ERROR - ifmkavgn
__main__ - ERROR - rpas
__main__ - ERROR - {'6'}
__main__ - ERROR - not enough values to unpack (expected 3, got 1)
__main__ - ERROR - {'1', '!'}
__main__ - ERROR - hry.waudv
__main__ - ERROR - iaztvpn
__main__ - ERROR - {'2', '4'}
__main__ - ERROR - not enough values to unpack (expected 3, got 2)
__main__ - ERROR - not enough values to unpack (expected 3, got 1)
__main__ - ERROR - not enough values to unpack (expected 3, got 1)
__main__ - ERROR - {'1', '!'}
__main__ - ERROR - 614
__main__ - ERROR - 291
__main__ - ERROR - {'2', '4'}
__main__ - ERROR - {'1', '!'}
__main__ - ERROR - {'6'}
__main__ - ERROR - not enough values to unpack (expected 3, got 1)
__main__ - ERROR - {'2', '4'}
__main__ - ERROR - {'2', '4'}
__main__ - ERROR - not enough values to unpack (expected 3, got 1)
__main__ - ERROR - {'6'}
__main__ - ERROR - {'2', '4'}
__main__ - ERROR - not enough values to unpack (expected 3, got 2)
__main__ - ERROR - ir.ubn
__main__ - ERROR - {'2', '4'}
__main__ - ERROR - not enough values to unpack (expected 3, got 2)
__main__ - ERROR - {'2', '4'}
__main__ - ERROR - not enough values to unpack (expected 3, got 2)
__main__ - ERROR - {'1', '!'}
__main__ - ERROR - irome.klwaucv
__main__ - ERROR - tuk
__main__ - ERROR - {'1', '!'}
__main__ - ERROR - 8
__main__ - ERROR - 27
__main__ - ERROR - rekgn
__main__ - ERROR - ifmajgsv
__main__ - ERROR - {'1', '!'}
__main__ - ERROR - irme.klajudtv
__main__ - ERROR - {'2', '4'}
__main__ - ERROR - {'6'}
__main__ - ERROR - not enough values to unpack (expected 3, got 1)
__main__ - ERROR - {'6'}
__main__ - ERROR - hr.lzutgn
__main__ - ERROR - irm.laus
__main__ - ERROR - not enough values to unpack (expected 3, got 2)
__main__ - ERROR - {'1', '!'}
__main__ - ERROR - not enough values to unpack (expected 3, got 2)
__main__ - ERROR - {'1', '!'}
__main__ - ERROR - {'6'}
__main__ - ERROR - not enough values to unpack (expected 3, got 2)
__main__ - ERROR - ifomtadxvgn
__main__ - ERROR - fr.sug
__main__ - ERROR - irklwcqgv
__main__ - ERROR - hroekdtp
__main__ - ERROR - {'6'}
__main__ - ERROR - irfomy.lauxv
__main__ - ERROR - not enough values to unpack (expected 3, got 1)
__main__ - ERROR - naks
__main__ - ERROR - not enough values to unpack (expected 3, got 2)
__main__ - ERROR - {'2', '4'}
__main__ - ERROR - not enough values to unpack (expected 3, got 2)
__main__ - ERROR - ifmeatgv
__main__ - ERROR - 1
__main__ - ERROR - not enough values to unpack (expected 3, got 1)
__main__ - ERROR - irmy.klwau
__main__ - ERROR - ihmytjx
__main__ - ERROR - 34
__main__ - ERROR - hirmey.lwjautv
__main__ - ERROR - irm.lauv
__main__ - ERROR - irme.lau
__main__ - ERROR - {'6'}
__main__ - ERROR - hojut
__main__ - ERROR - not enough values to unpack (expected 3, got 1)
__main__ - ERROR - ifvmaubxpqgn
__main__ - ERROR - ifmdkajbtvqgn
__main__ - ERROR - not enough values to unpack (expected 3, got 1)
__main__ - ERROR - irm.lajuxv
__main__ - ERROR - irm.klau
__main__ - ERROR - r.ljuqv
__main__ - ERROR - {'6'}
__main__ - ERROR - not enough values to unpack (expected 3, got 1)
__main__ - ERROR - 58
__main__ - ERROR - {'2', '4'}
__main__ - ERROR - {'1', '!'}
__main__ - ERROR - {'2', '4'}
__main__ - ERROR - irmt.laubxqgn
__main__ - ERROR - not enough values to unpack (expected 3, got 2)
__main__ - ERROR - {'1', '!'}
__main__ - ERROR - {'6'}
__main__ - ERROR - ehfg
__main__ - ERROR - {'1', '!'}
__main__ - ERROR - hirm.lazun
__main__ - ERROR - not enough values to unpack (expected 3, got 1)
__main__ - ERROR - rmy.u
__main__ - ERROR - {'6'}
__main__ - ERROR - 71
__main__ - ERROR - not enough values to unpack (expected 3, got 2)
__main__ - ERROR - mkjbp
__main__ - ERROR - {'2', '4'}
__main__ - ERROR - {'2', '4'}
__main__ - ERROR - {'2', '4'}
__main__ - ERROR - olwpsc
__main__ - ERROR - {'6'}
__main__ - ERROR - {'2', '4'}
__main__ - ERROR - not enough values to unpack (expected 3, got 1)
__main__ - ERROR - not enough values to unpack (expected 3, got 1)
__main__ - ERROR - {'6'}
__main__ - ERROR - irom.laudqn
__main__ - ERROR - {'1', '!'}
__main__ - ERROR - form.wjutp
__main__ - ERROR - eadtqgc
__main__ - ERROR - {'6'}
__main__ - ERROR - not enough values to unpack (expected 3, got 2)
__main__ - ERROR - irfmkwjuavgc
__main__ - ERROR - hr.waudn
__main__ - ERROR - not enough values to unpack (expected 3, got 2)
__main__ - ERROR - {'2', '4'}
__main__ - ERROR - {'1', '!'}
__main__ - ERROR - not enough values to unpack (expected 3, got 1)
__main__ - ERROR - {'2', '4'}
__main__ - ERROR - not enough values to unpack (expected 3, got 1)
__main__ - ERROR - not enough values to unpack (expected 3, got 2)
__main__ - ERROR - fazxqsc
__main__ - ERROR - not enough values to unpack (expected 3, got 1)
__main__ - ERROR - 15
__main__ - ERROR - flazbx
__main__ - ERROR - hirm.klwaudqgv
__main__ - ERROR - irme.lwauxp
__main__ - ERROR - not enough values to unpack (expected 3, got 2)
__main__ - ERROR - not enough values to unpack (expected 3, got 1)
__main__ - ERROR - not enough values to unpack (expected 3, got 2)
__main__ - ERROR - ry.kut
__main__ - ERROR - 90
__main__ - ERROR - irfmykajzgvsn
__main__ - ERROR - {'2', '4'}
__main__ - ERROR - not enough values to unpack (expected 3, got 1)
__main__ - ERROR - not enough values to unpack (expected 3, got 1)
__main__ - ERROR - {'2', '4'}
__main__ - ERROR - {'6'}
__main__ - ERROR - not enough values to unpack (expected 3, got 2)
__main__ - ERROR - ifrm.lautvpsc
__main__ - ERROR - {'2', '4'}
__main__ - ERROR - {'1', '!'}
__main__ - ERROR - 70
__main__ - ERROR - not enough values to unpack (expected 3, got 2)
__main__ - ERROR - {'!', '1'}
__main__ - ERROR - not enough values to unpack (expected 3, got 2)
__main__ - ERROR - not enough values to unpack (expected 3, got 1)
__main__ - ERROR - not enough values to unpack (expected 3, got 2)
__main__ - ERROR - ifrm.lwaubn
__main__ - ERROR - {'2', '4'}
__main__ - ERROR - {'6'}
__main__ - ERROR - hrm.lwudsv
__main__ - ERROR - {'2', '4'}
__main__ - ERROR - irqmy.lauxps
__main__ - ERROR - {'2', '4'}
__main__ - ERROR - {'2', '4'}
__main__ - ERROR - not enough values to unpack (expected 3, got 2)
__main__ - ERROR - hfimadxgv
__main__ - ERROR - ifmajugv
__main__ - ERROR - not enough values to unpack (expected 3, got 1)
__main__ - ERROR - {'6'}
__main__ - ERROR - not enough values to unpack (expected 3, got 1)
__main__ - ERROR - not enough values to unpack (expected 3, got 1)
__main__ - ERROR - not enough values to unpack (expected 3, got 2)
__main__ - ERROR - omykaqsc
__main__ - ERROR - irm.lajuxqs
__main__ - ERROR - ifmkapgv
__main__ - ERROR - {'6'}
__main__ - ERROR - not enough values to unpack (expected 3, got 2)
__main__ - ERROR - hob
__main__ - ERROR - eruc
__main__ - ERROR - {'6'}
__main__ - ERROR - {'6'}
__main__ - ERROR - not enough values to unpack (expected 3, got 2)
__main__ - ERROR - irom.klauq
__main__ - ERROR - {'2', '4'}
__main__ - ERROR - not enough values to unpack (expected 3, got 2)
__main__ - ERROR - irme.lajusn
__main__ - ERROR - not enough values to unpack (expected 3, got 1)
__main__ - ERROR - {'1', '!'}
__main__ - ERROR - {'6'}
__main__ - ERROR - 53
__main__ - ERROR - irm.lausv
__main__ - ERROR - 7
__main__ - ERROR - not enough values to unpack (expected 3, got 1)
__main__ - ERROR - lem
__main__ - ERROR - fr.wzutpc
__main__ - ERROR - {'6'}
__main__ - ERROR - ihorex.udt
__main__ - ERROR - mzxtsn
__main__ - ERROR - {'2', '4'}
__main__ - ERROR - {'6'}
__main__ - ERROR - not enough values to unpack (expected 3, got 2)
__main__ - ERROR - {'6'}
__main__ - ERROR - not enough values to unpack (expected 3, got 2)
__main__ - ERROR - {'1', '!'}
__main__ - ERROR - {'1', '!'}
__main__ - ERROR - not enough values to unpack (expected 3, got 2)
__main__ - ERROR - hro.kazutps
__main__ - ERROR - hfirm.nlaudtbc
__main__ - ERROR - ifrme.laju
__main__ - ERROR - ifomajzdgqsv
__main__ - ERROR - r.lau
__main__ - ERROR - z
__main__ - ERROR - hiorm.lwjzadut
__main__ - ERROR - {'6'}
__main__ - ERROR - {'1', '!'}
__main__ - ERROR - {'6'}
__main__ - ERROR - {'2', '4'}
__main__ - ERROR - not enough values to unpack (expected 3, got 1)
__main__ - ERROR - 06
__main__ - ERROR - {'2', '4'}
__main__ - ERROR - not enough values to unpack (expected 3, got 1)
__main__ - ERROR - {'6'}
__main__ - ERROR - {'1', '!'}
__main__ - ERROR - {'2', '4'}
__main__ - ERROR - {'6'}
__main__ - ERROR - not enough values to unpack (expected 3, got 1)
__main__ - ERROR - irm.lauz
__main__ - ERROR - ifmlazgqsv
__main__ - ERROR - irme.laudxbpgc
__main__ - ERROR - {'1', '!'}
__main__ - ERROR - {'6'}
__main__ - ERROR - {'2', '4'}
__main__ - ERROR - kv
__main__ - ERROR - {'2', '4'}
__main__ - ERROR - {'6'}
__main__ - ERROR - {'2', '4'}
__main__ - ERROR - 56
__main__ - ERROR - {'6'}
__main__ - ERROR - {'2', '4'}
__main__ - ERROR - not enough values to unpack (expected 3, got 1)
__main__ - ERROR - ifmylapgv
__main__ - ERROR - {'2', '4'}
__main__ - ERROR - {'1', '!'}
__main__ - ERROR - 23
__main__ - ERROR - ifomagv
__main__ - ERROR - not enough values to unpack (expected 3, got 1)
__main__ - ERROR - hfimkwatvgc
__main__ - ERROR - 18
__main__ - ERROR - not enough values to unpack (expected 3, got 1)
__main__ - ERROR - 614
__main__ - ERROR - 16
__main__ - ERROR - ifre.kzugxs
__main__ - ERROR - 03
__main__ - ERROR - yip
__main__ - ERROR - eud
__main__ - ERROR - not enough values to unpack (expected 3, got 2)
__main__ - ERROR - {'1', '!'}
__main__ - ERROR - hirmy.laudb
__main__ - ERROR - hiorm.laux
__main__ - ERROR - 86
__main__ - ERROR - lra
__main__ - ERROR - ir.ku
__main__ - ERROR - hfimwadgbpsv
__main__ - ERROR - {'6'}
__main__ - ERROR - {'6'}
__main__ - ERROR - {'1', '!'}
__main__ - ERROR - not enough values to unpack (expected 3, got 1)
__main__ - ERROR - ifmkaugvqsc
__main__ - ERROR - hire.ludt
